<?xml version="1.0" encoding="UTF-8"?>
<coverage generated="1730813450948" clover="3.2.0">
  <project timestamp="1730813450948" name="All files">
    <metrics statements="21" coveredstatements="21" conditionals="18" coveredconditionals="18" methods="4" coveredmethods="4" elements="43" coveredelements="43" complexity="0" loc="21" ncloc="21" packages="1" files="2" classes="2"/>
    <file name="calculatePoints.js" path="/Users/zala/Documents/React-JS/src/utils/calculatePoints.js">
      <metrics statements="6" coveredstatements="6" conditionals="8" coveredconditionals="8" methods="1" coveredmethods="1"/>
      <line num="1" count="2" type="stmt"/>
      <line num="2" count="46" type="stmt"/>
      <line num="4" count="46" type="cond" truecount="2" falsecount="0"/>
      <line num="5" count="31" type="cond" truecount="4" falsecount="0"/>
      <line num="6" count="31" type="cond" truecount="2" falsecount="0"/>
      <line num="8" count="31" type="stmt"/>
    </file>
    <file name="calculateRewardPointsFromTransactions.js" path="/Users/zala/Documents/React-JS/src/utils/calculateRewardPointsFromTransactions.js">
      <metrics statements="15" coveredstatements="15" conditionals="10" coveredconditionals="10" methods="3" coveredmethods="3"/>
      <line num="3" count="1" type="stmt"/>
      <line num="4" count="7" type="stmt"/>
      <line num="5" count="7" type="stmt"/>
      <line num="8" count="7" type="stmt"/>
      <line num="9" count="41" type="cond" truecount="4" falsecount="0"/>
      <line num="10" count="3" type="stmt"/>
      <line num="13" count="38" type="stmt"/>
      <line num="15" count="38" type="cond" truecount="2" falsecount="0"/>
      <line num="16" count="29" type="stmt"/>
      <line num="19" count="38" type="stmt"/>
      <line num="20" count="38" type="stmt"/>
      <line num="23" count="7" type="stmt"/>
      <line num="24" count="41" type="cond" truecount="4" falsecount="0"/>
      <line num="25" count="10" type="stmt"/>
      <line num="29" count="7" type="stmt"/>
    </file>
  </project>
</coverage>
