{"/Users/zala/Documents/React-JS/src/utils/calculatePoints.js": {"path":"/Users/zala/Documents/React-JS/src/utils/calculatePoints.js","statementMap":{"0":{"start":{"line":1,"column":24},"end":{"line":9,"column":1}},"1":{"start":{"line":2,"column":15},"end":{"line":2,"column":16}},"2":{"start":{"line":4,"column":2},"end":{"line":4,"column":48}},"3":{"start":{"line":4,"column":38},"end":{"line":4,"column":46}},"4":{"start":{"line":5,"column":2},"end":{"line":5,"column":64}},"5":{"start":{"line":5,"column":38},"end":{"line":5,"column":62}},"6":{"start":{"line":6,"column":2},"end":{"line":6,"column":61}},"7":{"start":{"line":6,"column":22},"end":{"line":6,"column":58}},"8":{"start":{"line":8,"column":2},"end":{"line":8,"column":16}}},"fnMap":{"0":{"name":"(anonymous_0)","decl":{"start":{"line":1,"column":24},"end":{"line":1,"column":25}},"loc":{"start":{"line":1,"column":36},"end":{"line":9,"column":1}},"line":1}},"branchMap":{"0":{"loc":{"start":{"line":4,"column":2},"end":{"line":4,"column":48}},"type":"if","locations":[{"start":{"line":4,"column":2},"end":{"line":4,"column":48}},{"start":{},"end":{}}],"line":4},"1":{"loc":{"start":{"line":4,"column":6},"end":{"line":4,"column":34}},"type":"binary-expr","locations":[{"start":{"line":4,"column":6},"end":{"line":4,"column":17}},{"start":{"line":4,"column":21},"end":{"line":4,"column":34}}],"line":4},"2":{"loc":{"start":{"line":5,"column":2},"end":{"line":5,"column":64}},"type":"if","locations":[{"start":{"line":5,"column":2},"end":{"line":5,"column":64}},{"start":{},"end":{}}],"line":5},"3":{"loc":{"start":{"line":5,"column":6},"end":{"line":5,"column":34}},"type":"binary-expr","locations":[{"start":{"line":5,"column":6},"end":{"line":5,"column":17}},{"start":{"line":5,"column":21},"end":{"line":5,"column":34}}],"line":5},"4":{"loc":{"start":{"line":6,"column":2},"end":{"line":6,"column":61}},"type":"if","locations":[{"start":{"line":6,"column":2},"end":{"line":6,"column":61}},{"start":{},"end":{}}],"line":6}},"s":{"0":3,"1":59,"2":59,"3":18,"4":41,"5":23,"6":41,"7":18,"8":41},"f":{"0":59},"b":{"0":[18,41],"1":[59,54],"2":[23,18],"3":[41,41],"4":[18,23]},"_coverageSchema":"1a1c01bbd47fc00a2c39e90264f33305004495a9","hash":"3378826b12243c7b18dfcfd777c5a8519be10f43"}
,"/Users/zala/Documents/React-JS/src/utils/calculateRewardPointsFromTransactions.js": {"path":"/Users/zala/Documents/React-JS/src/utils/calculateRewardPointsFromTransactions.js","statementMap":{"0":{"start":{"line":4,"column":46},"end":{"line":32,"column":1}},"1":{"start":{"line":5,"column":30},"end":{"line":5,"column":32}},"2":{"start":{"line":6,"column":20},"end":{"line":6,"column":21}},"3":{"start":{"line":8,"column":26},"end":{"line":8,"column":58}},"4":{"start":{"line":10,"column":2},"end":{"line":28,"column":5}},"5":{"start":{"line":11,"column":4},"end":{"line":23,"column":5}},"6":{"start":{"line":12,"column":6},"end":{"line":14,"column":7}},"7":{"start":{"line":13,"column":8},"end":{"line":13,"column":15}},"8":{"start":{"line":15,"column":21},"end":{"line":15,"column":44}},"9":{"start":{"line":17,"column":6},"end":{"line":19,"column":7}},"10":{"start":{"line":18,"column":8},"end":{"line":18,"column":39}},"11":{"start":{"line":21,"column":6},"end":{"line":21,"column":43}},"12":{"start":{"line":22,"column":6},"end":{"line":22,"column":28}},"13":{"start":{"line":25,"column":4},"end":{"line":27,"column":5}},"14":{"start":{"line":26,"column":6},"end":{"line":26,"column":36}},"15":{"start":{"line":30,"column":2},"end":{"line":30,"column":34}},"16":{"start":{"line":31,"column":2},"end":{"line":31,"column":46}}},"fnMap":{"0":{"name":"(anonymous_0)","decl":{"start":{"line":4,"column":46},"end":{"line":4,"column":47}},"loc":{"start":{"line":4,"column":64},"end":{"line":32,"column":1}},"line":4},"1":{"name":"(anonymous_1)","decl":{"start":{"line":10,"column":23},"end":{"line":10,"column":24}},"loc":{"start":{"line":10,"column":46},"end":{"line":28,"column":3}},"line":10}},"branchMap":{"0":{"loc":{"start":{"line":11,"column":4},"end":{"line":23,"column":5}},"type":"if","locations":[{"start":{"line":11,"column":4},"end":{"line":23,"column":5}},{"start":{},"end":{}}],"line":11},"1":{"loc":{"start":{"line":12,"column":6},"end":{"line":14,"column":7}},"type":"if","locations":[{"start":{"line":12,"column":6},"end":{"line":14,"column":7}},{"start":{},"end":{}}],"line":12},"2":{"loc":{"start":{"line":12,"column":10},"end":{"line":12,"column":50}},"type":"binary-expr","locations":[{"start":{"line":12,"column":10},"end":{"line":12,"column":36}},{"start":{"line":12,"column":40},"end":{"line":12,"column":50}}],"line":12},"3":{"loc":{"start":{"line":17,"column":6},"end":{"line":19,"column":7}},"type":"if","locations":[{"start":{"line":17,"column":6},"end":{"line":19,"column":7}},{"start":{},"end":{}}],"line":17},"4":{"loc":{"start":{"line":25,"column":4},"end":{"line":27,"column":5}},"type":"if","locations":[{"start":{"line":25,"column":4},"end":{"line":27,"column":5}},{"start":{},"end":{}}],"line":25}},"s":{"0":1,"1":7,"2":7,"3":7,"4":7,"5":41,"6":22,"7":3,"8":19,"9":19,"10":17,"11":19,"12":19,"13":38,"14":12,"15":7,"16":7},"f":{"0":7,"1":41},"b":{"0":[22,19],"1":[3,19],"2":[22,20],"3":[17,2],"4":[12,26]},"_coverageSchema":"1a1c01bbd47fc00a2c39e90264f33305004495a9","hash":"7bc79016fbb49acf46732f9f5a28573734d84e6f"}
,"/Users/zala/Documents/React-JS/src/utils/getLastThreeMonths.js": {"path":"/Users/zala/Documents/React-JS/src/utils/getLastThreeMonths.js","statementMap":{"0":{"start":{"line":1,"column":27},"end":{"line":8,"column":1}},"1":{"start":{"line":2,"column":28},"end":{"line":4,"column":66}},"2":{"start":{"line":3,"column":24},"end":{"line":3,"column":29}},"3":{"start":{"line":4,"column":36},"end":{"line":4,"column":65}},"4":{"start":{"line":5,"column":23},"end":{"line":5,"column":82}},"5":{"start":{"line":5,"column":56},"end":{"line":5,"column":81}},"6":{"start":{"line":7,"column":2},"end":{"line":7,"column":34}}},"fnMap":{"0":{"name":"(anonymous_0)","decl":{"start":{"line":1,"column":27},"end":{"line":1,"column":28}},"loc":{"start":{"line":1,"column":51},"end":{"line":8,"column":1}},"line":1},"1":{"name":"(anonymous_1)","decl":{"start":{"line":3,"column":9},"end":{"line":3,"column":10}},"loc":{"start":{"line":3,"column":24},"end":{"line":3,"column":29}},"line":3},"2":{"name":"(anonymous_2)","decl":{"start":{"line":4,"column":12},"end":{"line":4,"column":13}},"loc":{"start":{"line":4,"column":36},"end":{"line":4,"column":65}},"line":4},"3":{"name":"(anonymous_3)","decl":{"start":{"line":5,"column":46},"end":{"line":5,"column":47}},"loc":{"start":{"line":5,"column":56},"end":{"line":5,"column":81}},"line":5}},"branchMap":{},"s":{"0":1,"1":7,"2":41,"3":41,"4":7,"5":30,"6":7},"f":{"0":7,"1":41,"2":41,"3":30},"b":{},"_coverageSchema":"1a1c01bbd47fc00a2c39e90264f33305004495a9","hash":"25e5e87a3ff641bbd3953b8c340203afe39a9c9d"}
}
