{"/Users/zala/Documents/React-JS/src/utils/calculatePoints.js": {"path":"/Users/zala/Documents/React-JS/src/utils/calculatePoints.js","statementMap":{"0":{"start":{"line":1,"column":24},"end":{"line":9,"column":1}},"1":{"start":{"line":2,"column":15},"end":{"line":2,"column":16}},"2":{"start":{"line":4,"column":2},"end":{"line":4,"column":32}},"3":{"start":{"line":4,"column":22},"end":{"line":4,"column":30}},"4":{"start":{"line":5,"column":2},"end":{"line":5,"column":64}},"5":{"start":{"line":5,"column":38},"end":{"line":5,"column":62}},"6":{"start":{"line":6,"column":2},"end":{"line":6,"column":61}},"7":{"start":{"line":6,"column":22},"end":{"line":6,"column":58}},"8":{"start":{"line":8,"column":2},"end":{"line":8,"column":16}}},"fnMap":{"0":{"name":"(anonymous_0)","decl":{"start":{"line":1,"column":24},"end":{"line":1,"column":25}},"loc":{"start":{"line":1,"column":36},"end":{"line":9,"column":1}},"line":1}},"branchMap":{"0":{"loc":{"start":{"line":4,"column":2},"end":{"line":4,"column":32}},"type":"if","locations":[{"start":{"line":4,"column":2},"end":{"line":4,"column":32}},{"start":{},"end":{}}],"line":4},"1":{"loc":{"start":{"line":5,"column":2},"end":{"line":5,"column":64}},"type":"if","locations":[{"start":{"line":5,"column":2},"end":{"line":5,"column":64}},{"start":{},"end":{}}],"line":5},"2":{"loc":{"start":{"line":5,"column":6},"end":{"line":5,"column":34}},"type":"binary-expr","locations":[{"start":{"line":5,"column":6},"end":{"line":5,"column":17}},{"start":{"line":5,"column":21},"end":{"line":5,"column":34}}],"line":5},"3":{"loc":{"start":{"line":6,"column":2},"end":{"line":6,"column":61}},"type":"if","locations":[{"start":{"line":6,"column":2},"end":{"line":6,"column":61}},{"start":{},"end":{}}],"line":6}},"s":{"0":2,"1":46,"2":46,"3":15,"4":31,"5":18,"6":31,"7":13,"8":31},"f":{"0":46},"b":{"0":[15,31],"1":[18,13],"2":[31,31],"3":[13,18]},"_coverageSchema":"1a1c01bbd47fc00a2c39e90264f33305004495a9","hash":"724e6eeca692ed447be503cc6b2f3879d6ada765"}
,"/Users/zala/Documents/React-JS/src/utils/calculateRewardPointsFromTransactions.js": {"path":"/Users/zala/Documents/React-JS/src/utils/calculateRewardPointsFromTransactions.js","statementMap":{"0":{"start":{"line":3,"column":46},"end":{"line":30,"column":1}},"1":{"start":{"line":4,"column":30},"end":{"line":4,"column":32}},"2":{"start":{"line":5,"column":20},"end":{"line":5,"column":21}},"3":{"start":{"line":8,"column":2},"end":{"line":21,"column":5}},"4":{"start":{"line":9,"column":6},"end":{"line":11,"column":7}},"5":{"start":{"line":10,"column":8},"end":{"line":10,"column":15}},"6":{"start":{"line":13,"column":19},"end":{"line":13,"column":42}},"7":{"start":{"line":15,"column":6},"end":{"line":17,"column":7}},"8":{"start":{"line":16,"column":8},"end":{"line":16,"column":39}},"9":{"start":{"line":19,"column":6},"end":{"line":19,"column":43}},"10":{"start":{"line":20,"column":6},"end":{"line":20,"column":28}},"11":{"start":{"line":23,"column":2},"end":{"line":27,"column":5}},"12":{"start":{"line":24,"column":4},"end":{"line":26,"column":5}},"13":{"start":{"line":25,"column":6},"end":{"line":25,"column":74}},"14":{"start":{"line":29,"column":2},"end":{"line":29,"column":45}}},"fnMap":{"0":{"name":"(anonymous_0)","decl":{"start":{"line":3,"column":46},"end":{"line":3,"column":47}},"loc":{"start":{"line":3,"column":64},"end":{"line":30,"column":1}},"line":3},"1":{"name":"(anonymous_1)","decl":{"start":{"line":8,"column":23},"end":{"line":8,"column":24}},"loc":{"start":{"line":8,"column":46},"end":{"line":21,"column":3}},"line":8},"2":{"name":"(anonymous_2)","decl":{"start":{"line":23,"column":23},"end":{"line":23,"column":24}},"loc":{"start":{"line":23,"column":36},"end":{"line":27,"column":3}},"line":23}},"branchMap":{"0":{"loc":{"start":{"line":9,"column":6},"end":{"line":11,"column":7}},"type":"if","locations":[{"start":{"line":9,"column":6},"end":{"line":11,"column":7}},{"start":{},"end":{}}],"line":9},"1":{"loc":{"start":{"line":9,"column":10},"end":{"line":9,"column":50}},"type":"binary-expr","locations":[{"start":{"line":9,"column":10},"end":{"line":9,"column":36}},{"start":{"line":9,"column":40},"end":{"line":9,"column":50}}],"line":9},"2":{"loc":{"start":{"line":15,"column":6},"end":{"line":17,"column":7}},"type":"if","locations":[{"start":{"line":15,"column":6},"end":{"line":17,"column":7}},{"start":{},"end":{}}],"line":15},"3":{"loc":{"start":{"line":24,"column":4},"end":{"line":26,"column":5}},"type":"if","locations":[{"start":{"line":24,"column":4},"end":{"line":26,"column":5}},{"start":{},"end":{}}],"line":24},"4":{"loc":{"start":{"line":24,"column":8},"end":{"line":24,"column":84}},"type":"binary-expr","locations":[{"start":{"line":24,"column":8},"end":{"line":24,"column":40}},{"start":{"line":24,"column":44},"end":{"line":24,"column":84}}],"line":24}},"s":{"0":1,"1":7,"2":7,"3":7,"4":41,"5":3,"6":38,"7":38,"8":29,"9":38,"10":38,"11":7,"12":41,"13":10,"14":7},"f":{"0":7,"1":41,"2":41},"b":{"0":[3,38],"1":[41,39],"2":[29,9],"3":[10,31],"4":[41,34]},"_coverageSchema":"1a1c01bbd47fc00a2c39e90264f33305004495a9","hash":"b39ac849f029660121170860a50380228c8cd356"}
}
