TN:
SF:src/utils/calculatePoints.js
FN:1,(anonymous_0)
FNF:1
FNH:1
FNDA:46,(anonymous_0)
DA:1,2
DA:2,46
DA:4,46
DA:5,31
DA:6,31
DA:8,31
LF:6
LH:6
BRDA:4,0,0,15
BRDA:4,0,1,31
BRDA:5,1,0,18
BRDA:5,1,1,13
BRDA:5,2,0,31
BRDA:5,2,1,31
BRDA:6,3,0,13
BRDA:6,3,1,18
BRF:8
BRH:8
end_of_record
TN:
SF:src/utils/calculateRewardPointsFromTransactions.js
FN:3,(anonymous_0)
FN:8,(anonymous_1)
FN:23,(anonymous_2)
FNF:3
FNH:3
FNDA:7,(anonymous_0)
FNDA:41,(anonymous_1)
FNDA:41,(anonymous_2)
DA:3,1
DA:4,7
DA:5,7
DA:8,7
DA:9,41
DA:10,3
DA:13,38
DA:15,38
DA:16,29
DA:19,38
DA:20,38
DA:23,7
DA:24,41
DA:25,10
DA:29,7
LF:15
LH:15
BRDA:9,0,0,3
BRDA:9,0,1,38
BRDA:9,1,0,41
BRDA:9,1,1,39
BRDA:15,2,0,29
BRDA:15,2,1,9
BRDA:24,3,0,10
BRDA:24,3,1,31
BRDA:24,4,0,41
BRDA:24,4,1,34
BRF:10
BRH:10
end_of_record
