TN:
SF:src/utils/calculatePoints.js
FN:1,(anonymous_0)
FNF:1
FNH:1
FNDA:59,(anonymous_0)
DA:1,3
DA:2,59
DA:4,59
DA:5,41
DA:6,41
DA:8,41
LF:6
LH:6
BRDA:4,0,0,18
BRDA:4,0,1,41
BRDA:4,1,0,59
BRDA:4,1,1,54
BRDA:5,2,0,23
BRDA:5,2,1,18
BRDA:5,3,0,41
BRDA:5,3,1,41
BRDA:6,4,0,18
BRDA:6,4,1,23
BRF:10
BRH:10
end_of_record
TN:
SF:src/utils/calculateRewardPointsFromTransactions.js
FN:4,(anonymous_0)
FN:10,(anonymous_1)
FNF:2
FNH:2
FNDA:7,(anonymous_0)
FNDA:41,(anonymous_1)
DA:4,1
DA:5,7
DA:6,7
DA:8,7
DA:10,7
DA:11,41
DA:12,22
DA:13,3
DA:15,19
DA:17,19
DA:18,17
DA:21,19
DA:22,19
DA:25,38
DA:26,12
DA:30,7
DA:31,7
LF:17
LH:17
BRDA:11,0,0,22
BRDA:11,0,1,19
BRDA:12,1,0,3
BRDA:12,1,1,19
BRDA:12,2,0,22
BRDA:12,2,1,20
BRDA:17,3,0,17
BRDA:17,3,1,2
BRDA:25,4,0,12
BRDA:25,4,1,26
BRF:10
BRH:10
end_of_record
TN:
SF:src/utils/getLastThreeMonths.js
FN:1,(anonymous_0)
FN:3,(anonymous_1)
FN:4,(anonymous_2)
FN:5,(anonymous_3)
FNF:4
FNH:4
FNDA:7,(anonymous_0)
FNDA:41,(anonymous_1)
FNDA:41,(anonymous_2)
FNDA:30,(anonymous_3)
DA:1,1
DA:2,7
DA:3,41
DA:4,41
DA:5,30
DA:7,7
LF:6
LH:6
BRF:0
BRH:0
end_of_record
